<?xml version="1.0" encoding="UTF-8"?>
<testsuite xmlns:xsi="http://www.w3.org/2001/XMLSchema-instance" xsi:noNamespaceSchemaLocation="https://maven.apache.org/surefire/maven-surefire-plugin/xsd/surefire-test-report-3.0.xsd" version="3.0" name="TestSuite" time="0.945" tests="1" errors="0" skipped="0" failures="1">
  <properties>
    <property name="gopherProxySet" value="false"/>
    <property name="awt.toolkit" value="sun.lwawt.macosx.LWCToolkit"/>
    <property name="java.specification.version" value="11"/>
    <property name="sun.cpu.isalist" value=""/>
    <property name="sun.jnu.encoding" value="UTF-8"/>
    <property name="java.class.path" value="/Users/thuy.vuthiphuong/eclipse-workspace/maven_testNG_selenium_cucumber/target/test-classes:/Users/thuy.vuthiphuong/eclipse-workspace/maven_testNG_selenium_cucumber/target/classes:/Users/thuy.vuthiphuong/.m2/repository/org/seleniumhq/selenium/selenium-java/3.14.0/selenium-java-3.14.0.jar:/Users/thuy.vuthiphuong/.m2/repository/org/seleniumhq/selenium/selenium-api/3.14.0/selenium-api-3.14.0.jar:/Users/thuy.vuthiphuong/.m2/repository/org/seleniumhq/selenium/selenium-chrome-driver/3.14.0/selenium-chrome-driver-3.14.0.jar:/Users/thuy.vuthiphuong/.m2/repository/org/seleniumhq/selenium/selenium-edge-driver/3.14.0/selenium-edge-driver-3.14.0.jar:/Users/thuy.vuthiphuong/.m2/repository/org/seleniumhq/selenium/selenium-firefox-driver/3.14.0/selenium-firefox-driver-3.14.0.jar:/Users/thuy.vuthiphuong/.m2/repository/org/seleniumhq/selenium/selenium-ie-driver/3.14.0/selenium-ie-driver-3.14.0.jar:/Users/thuy.vuthiphuong/.m2/repository/org/seleniumhq/selenium/selenium-opera-driver/3.14.0/selenium-opera-driver-3.14.0.jar:/Users/thuy.vuthiphuong/.m2/repository/org/seleniumhq/selenium/selenium-remote-driver/3.14.0/selenium-remote-driver-3.14.0.jar:/Users/thuy.vuthiphuong/.m2/repository/org/seleniumhq/selenium/selenium-safari-driver/3.14.0/selenium-safari-driver-3.14.0.jar:/Users/thuy.vuthiphuong/.m2/repository/org/seleniumhq/selenium/selenium-support/3.14.0/selenium-support-3.14.0.jar:/Users/thuy.vuthiphuong/.m2/repository/net/bytebuddy/byte-buddy/1.8.15/byte-buddy-1.8.15.jar:/Users/thuy.vuthiphuong/.m2/repository/org/apache/commons/commons-exec/1.3/commons-exec-1.3.jar:/Users/thuy.vuthiphuong/.m2/repository/commons-codec/commons-codec/1.10/commons-codec-1.10.jar:/Users/thuy.vuthiphuong/.m2/repository/commons-logging/commons-logging/1.2/commons-logging-1.2.jar:/Users/thuy.vuthiphuong/.m2/repository/com/google/guava/guava/25.0-jre/guava-25.0-jre.jar:/Users/thuy.vuthiphuong/.m2/repository/com/google/code/findbugs/jsr305/1.3.9/jsr305-1.3.9.jar:/Users/thuy.vuthiphuong/.m2/repository/org/checkerframework/checker-compat-qual/2.0.0/checker-compat-qual-2.0.0.jar:/Users/thuy.vuthiphuong/.m2/repository/com/google/errorprone/error_prone_annotations/2.1.3/error_prone_annotations-2.1.3.jar:/Users/thuy.vuthiphuong/.m2/repository/com/google/j2objc/j2objc-annotations/1.1/j2objc-annotations-1.1.jar:/Users/thuy.vuthiphuong/.m2/repository/org/codehaus/mojo/animal-sniffer-annotations/1.14/animal-sniffer-annotations-1.14.jar:/Users/thuy.vuthiphuong/.m2/repository/org/apache/httpcomponents/httpclient/4.5.5/httpclient-4.5.5.jar:/Users/thuy.vuthiphuong/.m2/repository/org/apache/httpcomponents/httpcore/4.4.9/httpcore-4.4.9.jar:/Users/thuy.vuthiphuong/.m2/repository/com/squareup/okhttp3/okhttp/3.10.0/okhttp-3.10.0.jar:/Users/thuy.vuthiphuong/.m2/repository/com/squareup/okio/okio/1.14.1/okio-1.14.1.jar:/Users/thuy.vuthiphuong/.m2/repository/org/testng/testng/6.14.3/testng-6.14.3.jar:/Users/thuy.vuthiphuong/.m2/repository/com/beust/jcommander/1.72/jcommander-1.72.jar:/Users/thuy.vuthiphuong/.m2/repository/org/apache-extras/beanshell/bsh/2.0b6/bsh-2.0b6.jar:/Users/thuy.vuthiphuong/.m2/repository/org/seleniumhq/selenium/selenium-server/3.14.0/selenium-server-3.14.0.jar:/Users/thuy.vuthiphuong/.m2/repository/org/apache/commons/commons-lang3/3.7/commons-lang3-3.7.jar:/Users/thuy.vuthiphuong/.m2/repository/org/apache/commons/commons-text/1.1/commons-text-1.1.jar:/Users/thuy.vuthiphuong/.m2/repository/commons-io/commons-io/2.6/commons-io-2.6.jar:/Users/thuy.vuthiphuong/.m2/repository/commons-net/commons-net/3.6/commons-net-3.6.jar:/Users/thuy.vuthiphuong/.m2/repository/net/sourceforge/htmlunit/htmlunit/2.30/htmlunit-2.30.jar:/Users/thuy.vuthiphuong/.m2/repository/net/sourceforge/htmlunit/htmlunit-core-js/2.28/htmlunit-core-js-2.28.jar:/Users/thuy.vuthiphuong/.m2/repository/net/sourceforge/htmlunit/htmlunit-cssparser/1.0.0/htmlunit-cssparser-1.0.0.jar:/Users/thuy.vuthiphuong/.m2/repository/net/sourceforge/htmlunit/neko-htmlunit/2.30/neko-htmlunit-2.30.jar:/Users/thuy.vuthiphuong/.m2/repository/org/apache/httpcomponents/httpmime/4.5.5/httpmime-4.5.5.jar:/Users/thuy.vuthiphuong/.m2/repository/net/jcip/jcip-annotations/1.0/jcip-annotations-1.0.jar:/Users/thuy.vuthiphuong/.m2/repository/org/seleniumhq/selenium/jetty-repacked/9.4.8.v20180619/jetty-repacked-9.4.8.v20180619.jar:/Users/thuy.vuthiphuong/.m2/repository/org/eclipse/jetty/jetty-client/9.4.8.v20180619/jetty-client-9.4.8.v20180619.jar:/Users/thuy.vuthiphuong/.m2/repository/org/eclipse/jetty/jetty-http/9.4.8.v20180619/jetty-http-9.4.8.v20180619.jar:/Users/thuy.vuthiphuong/.m2/repository/org/eclipse/jetty/jetty-io/9.4.8.v20180619/jetty-io-9.4.8.v20180619.jar:/Users/thuy.vuthiphuong/.m2/repository/org/eclipse/jetty/jetty-util/9.4.8.v20180619/jetty-util-9.4.8.v20180619.jar:/Users/thuy.vuthiphuong/.m2/repository/org/eclipse/jetty/jetty-xml/9.4.8.v20180619/jetty-xml-9.4.8.v20180619.jar:/Users/thuy.vuthiphuong/.m2/repository/org/seleniumhq/selenium/htmlunit-driver/2.30.0/htmlunit-driver-2.30.0.jar:/Users/thuy.vuthiphuong/.m2/repository/javax/servlet/javax.servlet-api/3.1.0/javax.servlet-api-3.1.0.jar:/Users/thuy.vuthiphuong/.m2/repository/org/eclipse/jetty/websocket/websocket-api/9.4.8.v20180619/websocket-api-9.4.8.v20180619.jar:/Users/thuy.vuthiphuong/.m2/repository/org/eclipse/jetty/websocket/websocket-client/9.4.8.v20180619/websocket-client-9.4.8.v20180619.jar:/Users/thuy.vuthiphuong/.m2/repository/org/eclipse/jetty/websocket/websocket-common/9.4.8.v20180619/websocket-common-9.4.8.v20180619.jar:/Users/thuy.vuthiphuong/.m2/repository/xalan/serializer/2.7.2/serializer-2.7.2.jar:/Users/thuy.vuthiphuong/.m2/repository/xalan/xalan/2.7.2/xalan-2.7.2.jar:/Users/thuy.vuthiphuong/.m2/repository/xerces/xercesImpl/2.11.0/xercesImpl-2.11.0.jar:/Users/thuy.vuthiphuong/.m2/repository/xml-apis/xml-apis/1.4.01/xml-apis-1.4.01.jar:/Users/thuy.vuthiphuong/.m2/repository/org/yaml/snakeyaml/1.19/snakeyaml-1.19.jar:/Users/thuy.vuthiphuong/.m2/repository/org/apache/maven/surefire/surefire-testng/3.0.0-M5/surefire-testng-3.0.0-M5.jar:/Users/thuy.vuthiphuong/.m2/repository/org/apache/maven/surefire/common-java5/3.0.0-M5/common-java5-3.0.0-M5.jar:/Users/thuy.vuthiphuong/.m2/repository/org/apache/maven/surefire/surefire-shared-utils/3.0.0-M4/surefire-shared-utils-3.0.0-M4.jar:/Users/thuy.vuthiphuong/.m2/repository/org/apache/maven/surefire/surefire-testng-utils/3.0.0-M5/surefire-testng-utils-3.0.0-M5.jar:/Users/thuy.vuthiphuong/.m2/repository/org/apache/maven/surefire/surefire-grouper/3.0.0-M5/surefire-grouper-3.0.0-M5.jar:/Users/thuy.vuthiphuong/.m2/repository/org/apache/maven/surefire/surefire-api/3.0.0-M5/surefire-api-3.0.0-M5.jar:/Users/thuy.vuthiphuong/.m2/repository/org/apache/maven/surefire/surefire-logger-api/3.0.0-M5/surefire-logger-api-3.0.0-M5.jar:/Users/thuy.vuthiphuong/.m2/repository/vn/tiki/qc/common/0.0.2.4-SNAPSHOT/common-0.0.2.4-SNAPSHOT.jar:/Users/thuy.vuthiphuong/.m2/repository/com/jayway/jsonpath/json-path/2.4.0/json-path-2.4.0.jar:/Users/thuy.vuthiphuong/.m2/repository/net/minidev/json-smart/2.3/json-smart-2.3.jar:/Users/thuy.vuthiphuong/.m2/repository/net/minidev/accessors-smart/1.2/accessors-smart-1.2.jar:/Users/thuy.vuthiphuong/.m2/repository/org/slf4j/slf4j-api/1.7.25/slf4j-api-1.7.25.jar:/Users/thuy.vuthiphuong/.m2/repository/com/fasterxml/jackson/core/jackson-databind/2.10.1/jackson-databind-2.10.1.jar:/Users/thuy.vuthiphuong/.m2/repository/com/fasterxml/jackson/core/jackson-annotations/2.10.1/jackson-annotations-2.10.1.jar:/Users/thuy.vuthiphuong/.m2/repository/com/fasterxml/jackson/core/jackson-core/2.10.1/jackson-core-2.10.1.jar:/Users/thuy.vuthiphuong/.m2/repository/com/fasterxml/jackson/dataformat/jackson-dataformat-yaml/2.10.1/jackson-dataformat-yaml-2.10.1.jar:/Users/thuy.vuthiphuong/.m2/repository/io/rest-assured/rest-assured/3.1.0/rest-assured-3.1.0.jar:/Users/thuy.vuthiphuong/.m2/repository/org/codehaus/groovy/groovy/2.4.12/groovy-2.4.12.jar:/Users/thuy.vuthiphuong/.m2/repository/org/codehaus/groovy/groovy-xml/2.4.12/groovy-xml-2.4.12.jar:/Users/thuy.vuthiphuong/.m2/repository/org/hamcrest/hamcrest-core/1.3/hamcrest-core-1.3.jar:/Users/thuy.vuthiphuong/.m2/repository/org/hamcrest/hamcrest-library/1.3/hamcrest-library-1.3.jar:/Users/thuy.vuthiphuong/.m2/repository/org/ccil/cowan/tagsoup/tagsoup/1.2.1/tagsoup-1.2.1.jar:/Users/thuy.vuthiphuong/.m2/repository/io/rest-assured/json-path/3.1.0/json-path-3.1.0.jar:/Users/thuy.vuthiphuong/.m2/repository/org/codehaus/groovy/groovy-json/2.4.12/groovy-json-2.4.12.jar:/Users/thuy.vuthiphuong/.m2/repository/io/rest-assured/rest-assured-common/3.1.0/rest-assured-common-3.1.0.jar:/Users/thuy.vuthiphuong/.m2/repository/io/rest-assured/xml-path/3.1.0/xml-path-3.1.0.jar:/Users/thuy.vuthiphuong/.m2/repository/javax/xml/bind/jaxb-api/2.2.12/jaxb-api-2.2.12.jar:/Users/thuy.vuthiphuong/.m2/repository/mysql/mysql-connector-java/8.0.12/mysql-connector-java-8.0.12.jar:/Users/thuy.vuthiphuong/.m2/repository/com/google/protobuf/protobuf-java/2.6.0/protobuf-java-2.6.0.jar:/Users/thuy.vuthiphuong/.m2/repository/com/google/code/gson/gson/2.8.5/gson-2.8.5.jar:/Users/thuy.vuthiphuong/.m2/repository/javax/mail/mail/1.4.7/mail-1.4.7.jar:/Users/thuy.vuthiphuong/.m2/repository/javax/activation/activation/1.1/activation-1.1.jar:/Users/thuy.vuthiphuong/.m2/repository/net/lingala/zip4j/zip4j/1.3.2/zip4j-1.3.2.jar:/Users/thuy.vuthiphuong/.m2/repository/io/appium/java-client/7.0.0/java-client-7.0.0.jar:/Users/thuy.vuthiphuong/.m2/repository/cglib/cglib/3.2.8/cglib-3.2.8.jar:/Users/thuy.vuthiphuong/.m2/repository/org/ow2/asm/asm/6.2.1/asm-6.2.1.jar:/Users/thuy.vuthiphuong/.m2/repository/org/apache/ant/ant/1.10.3/ant-1.10.3.jar:/Users/thuy.vuthiphuong/.m2/repository/org/apache/ant/ant-launcher/1.10.3/ant-launcher-1.10.3.jar:/Users/thuy.vuthiphuong/.m2/repository/commons-validator/commons-validator/1.6/commons-validator-1.6.jar:/Users/thuy.vuthiphuong/.m2/repository/commons-beanutils/commons-beanutils/1.9.2/commons-beanutils-1.9.2.jar:/Users/thuy.vuthiphuong/.m2/repository/commons-digester/commons-digester/1.8.1/commons-digester-1.8.1.jar:/Users/thuy.vuthiphuong/.m2/repository/org/springframework/spring-context/5.1.0.RELEASE/spring-context-5.1.0.RELEASE.jar:/Users/thuy.vuthiphuong/.m2/repository/org/springframework/spring-aop/5.1.0.RELEASE/spring-aop-5.1.0.RELEASE.jar:/Users/thuy.vuthiphuong/.m2/repository/org/springframework/spring-beans/5.1.0.RELEASE/spring-beans-5.1.0.RELEASE.jar:/Users/thuy.vuthiphuong/.m2/repository/org/springframework/spring-core/5.1.0.RELEASE/spring-core-5.1.0.RELEASE.jar:/Users/thuy.vuthiphuong/.m2/repository/org/springframework/spring-jcl/5.1.0.RELEASE/spring-jcl-5.1.0.RELEASE.jar:/Users/thuy.vuthiphuong/.m2/repository/org/springframework/spring-expression/5.1.0.RELEASE/spring-expression-5.1.0.RELEASE.jar:/Users/thuy.vuthiphuong/.m2/repository/org/aspectj/aspectjweaver/1.9.1/aspectjweaver-1.9.1.jar:/Users/thuy.vuthiphuong/.m2/repository/io/cucumber/cucumber-java/4.4.0/cucumber-java-4.4.0.jar:/Users/thuy.vuthiphuong/.m2/repository/org/postgresql/postgresql/42.2.6/postgresql-42.2.6.jar:/Users/thuy.vuthiphuong/.m2/repository/com/googlecode/json-simple/json-simple/1.1.1/json-simple-1.1.1.jar:/Users/thuy.vuthiphuong/.m2/repository/junit/junit/4.10/junit-4.10.jar:/Users/thuy.vuthiphuong/.m2/repository/org/apache/logging/log4j/log4j-core/2.12.1/log4j-core-2.12.1.jar:/Users/thuy.vuthiphuong/.m2/repository/org/apache/logging/log4j/log4j-api/2.12.1/log4j-api-2.12.1.jar:/Users/thuy.vuthiphuong/.m2/repository/com/google/api-client/google-api-client/1.30.1/google-api-client-1.30.1.jar:/Users/thuy.vuthiphuong/.m2/repository/com/google/oauth-client/google-oauth-client/1.30.1/google-oauth-client-1.30.1.jar:/Users/thuy.vuthiphuong/.m2/repository/com/google/http-client/google-http-client-jackson2/1.30.1/google-http-client-jackson2-1.30.1.jar:/Users/thuy.vuthiphuong/.m2/repository/com/google/oauth-client/google-oauth-client-jetty/1.23.0/google-oauth-client-jetty-1.23.0.jar:/Users/thuy.vuthiphuong/.m2/repository/com/google/oauth-client/google-oauth-client-java6/1.23.0/google-oauth-client-java6-1.23.0.jar:/Users/thuy.vuthiphuong/.m2/repository/org/mortbay/jetty/jetty/6.1.26/jetty-6.1.26.jar:/Users/thuy.vuthiphuong/.m2/repository/org/mortbay/jetty/jetty-util/6.1.26/jetty-util-6.1.26.jar:/Users/thuy.vuthiphuong/.m2/repository/org/mortbay/jetty/servlet-api/2.5-20081211/servlet-api-2.5-20081211.jar:/Users/thuy.vuthiphuong/.m2/repository/com/google/apis/google-api-services-sheets/v4-rev581-1.25.0/google-api-services-sheets-v4-rev581-1.25.0.jar:/Users/thuy.vuthiphuong/.m2/repository/com/google/auth/google-auth-library-oauth2-http/0.18.0/google-auth-library-oauth2-http-0.18.0.jar:/Users/thuy.vuthiphuong/.m2/repository/com/google/auto/value/auto-value-annotations/1.6.6/auto-value-annotations-1.6.6.jar:/Users/thuy.vuthiphuong/.m2/repository/com/google/auth/google-auth-library-credentials/0.18.0/google-auth-library-credentials-0.18.0.jar:/Users/thuy.vuthiphuong/.m2/repository/com/google/http-client/google-http-client/1.32.1/google-http-client-1.32.1.jar:/Users/thuy.vuthiphuong/.m2/repository/io/opencensus/opencensus-api/0.24.0/opencensus-api-0.24.0.jar:/Users/thuy.vuthiphuong/.m2/repository/io/grpc/grpc-context/1.22.1/grpc-context-1.22.1.jar:/Users/thuy.vuthiphuong/.m2/repository/io/opencensus/opencensus-contrib-http-util/0.24.0/opencensus-contrib-http-util-0.24.0.jar:/Users/thuy.vuthiphuong/.m2/repository/org/mongodb/mongo-java-driver/3.12.0/mongo-java-driver-3.12.0.jar:/Users/thuy.vuthiphuong/.m2/repository/vn/tiki/qc/image-comparison/4.2.1/image-comparison-4.2.1.jar:/Users/thuy.vuthiphuong/.m2/repository/ru/yandex/qatools/ashot/ashot/1.5.4/ashot-1.5.4.jar:/Users/thuy.vuthiphuong/.m2/repository/org/java-websocket/Java-WebSocket/1.5.1/Java-WebSocket-1.5.1.jar:/Users/thuy.vuthiphuong/.m2/repository/io/cucumber/cucumber-testng/6.5.0/cucumber-testng-6.5.0.jar:/Users/thuy.vuthiphuong/.m2/repository/org/apiguardian/apiguardian-api/1.1.0/apiguardian-api-1.1.0.jar:/Users/thuy.vuthiphuong/.m2/repository/io/cucumber/cucumber-core/6.5.0/cucumber-core-6.5.0.jar:/Users/thuy.vuthiphuong/.m2/repository/io/cucumber/cucumber-gherkin/6.5.0/cucumber-gherkin-6.5.0.jar:/Users/thuy.vuthiphuong/.m2/repository/io/cucumber/cucumber-gherkin-messages/6.5.0/cucumber-gherkin-messages-6.5.0.jar:/Users/thuy.vuthiphuong/.m2/repository/io/cucumber/tag-expressions/3.0.0/tag-expressions-3.0.0.jar:/Users/thuy.vuthiphuong/.m2/repository/io/cucumber/cucumber-expressions/10.3.0/cucumber-expressions-10.3.0.jar:/Users/thuy.vuthiphuong/.m2/repository/io/cucumber/datatable/3.4.0/datatable-3.4.0.jar:/Users/thuy.vuthiphuong/.m2/repository/io/cucumber/cucumber-plugin/6.5.0/cucumber-plugin-6.5.0.jar:/Users/thuy.vuthiphuong/.m2/repository/io/cucumber/docstring/6.5.0/docstring-6.5.0.jar:/Users/thuy.vuthiphuong/.m2/repository/io/cucumber/html-formatter/9.0.0/html-formatter-9.0.0.jar:/Users/thuy.vuthiphuong/.m2/repository/io/cucumber/create-meta/2.0.0/create-meta-2.0.0.jar:/Users/thuy.vuthiphuong/.m2/repository/info/cukes/cucumber-html/0.2.3/cucumber-html-0.2.3.jar:/Users/thuy.vuthiphuong/.m2/repository/info/cukes/cucumber-jvm-deps/1.0.5/cucumber-jvm-deps-1.0.5.jar:/Users/thuy.vuthiphuong/.m2/repository/info/cukes/gherkin/2.12.2/gherkin-2.12.2.jar:/Users/thuy.vuthiphuong/.m2/repository/net/masterthought/cucumber-reporting/5.3.1/cucumber-reporting-5.3.1.jar:/Users/thuy.vuthiphuong/.m2/repository/com/fasterxml/jackson/datatype/jackson-datatype-jsr310/2.10.1/jackson-datatype-jsr310-2.10.1.jar:/Users/thuy.vuthiphuong/.m2/repository/org/apache/velocity/velocity-engine-core/2.1/velocity-engine-core-2.1.jar:/Users/thuy.vuthiphuong/.m2/repository/commons-collections/commons-collections/3.2.2/commons-collections-3.2.2.jar:/Users/thuy.vuthiphuong/.m2/repository/joda-time/joda-time/2.10.5/joda-time-2.10.5.jar:/Users/thuy.vuthiphuong/.m2/repository/org/codehaus/plexus/plexus-utils/3.3.0/plexus-utils-3.3.0.jar:/Users/thuy.vuthiphuong/.m2/repository/org/jsoup/jsoup/1.12.1/jsoup-1.12.1.jar:/Users/thuy.vuthiphuong/.m2/repository/com/googlecode/owasp-java-html-sanitizer/owasp-java-html-sanitizer/20191001.1/owasp-java-html-sanitizer-20191001.1.jar:/Users/thuy.vuthiphuong/.m2/repository/commons-configuration/commons-configuration/1.10/commons-configuration-1.10.jar:/Users/thuy.vuthiphuong/.m2/repository/commons-lang/commons-lang/2.6/commons-lang-2.6.jar:/Users/thuy.vuthiphuong/.m2/repository/io/cucumber/gherkin/15.0.2/gherkin-15.0.2.jar:/Users/thuy.vuthiphuong/.m2/repository/io/cucumber/messages/13.0.1/messages-13.0.1.jar:"/>
    <property name="java.vm.vendor" value="Oracle Corporation"/>
    <property name="sun.arch.data.model" value="64"/>
    <property name="java.vendor.url" value="https://openjdk.java.net/"/>
    <property name="user.timezone" value="Asia/Ho_Chi_Minh"/>
    <property name="java.vm.specification.version" value="11"/>
    <property name="os.name" value="Mac OS X"/>
    <property name="sun.java.launcher" value="SUN_STANDARD"/>
    <property name="user.country" value="VN"/>
    <property name="sun.boot.library.path" value="/Library/Java/JavaVirtualMachines/jdk-11.0.7.jdk/Contents/Home/lib"/>
    <property name="sun.java.command" value="/Users/thuy.vuthiphuong/eclipse-workspace/maven_testNG_selenium_cucumber/target/surefire/surefirebooter10203732988726722515.jar /Users/thuy.vuthiphuong/eclipse-workspace/maven_testNG_selenium_cucumber/target/surefire 2020-08-21T15-47-49_602-jvmRun1 surefire8762545570517797324tmp surefire_03156771301452138186tmp"/>
    <property name="http.nonProxyHosts" value="local|*.local|169.254/16|*.169.254/16"/>
    <property name="jdk.debug" value="release"/>
    <property name="surefire.test.class.path" value="/Users/thuy.vuthiphuong/eclipse-workspace/maven_testNG_selenium_cucumber/target/test-classes:/Users/thuy.vuthiphuong/eclipse-workspace/maven_testNG_selenium_cucumber/target/classes:/Users/thuy.vuthiphuong/.m2/repository/org/seleniumhq/selenium/selenium-java/3.14.0/selenium-java-3.14.0.jar:/Users/thuy.vuthiphuong/.m2/repository/org/seleniumhq/selenium/selenium-api/3.14.0/selenium-api-3.14.0.jar:/Users/thuy.vuthiphuong/.m2/repository/org/seleniumhq/selenium/selenium-chrome-driver/3.14.0/selenium-chrome-driver-3.14.0.jar:/Users/thuy.vuthiphuong/.m2/repository/org/seleniumhq/selenium/selenium-edge-driver/3.14.0/selenium-edge-driver-3.14.0.jar:/Users/thuy.vuthiphuong/.m2/repository/org/seleniumhq/selenium/selenium-firefox-driver/3.14.0/selenium-firefox-driver-3.14.0.jar:/Users/thuy.vuthiphuong/.m2/repository/org/seleniumhq/selenium/selenium-ie-driver/3.14.0/selenium-ie-driver-3.14.0.jar:/Users/thuy.vuthiphuong/.m2/repository/org/seleniumhq/selenium/selenium-opera-driver/3.14.0/selenium-opera-driver-3.14.0.jar:/Users/thuy.vuthiphuong/.m2/repository/org/seleniumhq/selenium/selenium-remote-driver/3.14.0/selenium-remote-driver-3.14.0.jar:/Users/thuy.vuthiphuong/.m2/repository/org/seleniumhq/selenium/selenium-safari-driver/3.14.0/selenium-safari-driver-3.14.0.jar:/Users/thuy.vuthiphuong/.m2/repository/org/seleniumhq/selenium/selenium-support/3.14.0/selenium-support-3.14.0.jar:/Users/thuy.vuthiphuong/.m2/repository/net/bytebuddy/byte-buddy/1.8.15/byte-buddy-1.8.15.jar:/Users/thuy.vuthiphuong/.m2/repository/org/apache/commons/commons-exec/1.3/commons-exec-1.3.jar:/Users/thuy.vuthiphuong/.m2/repository/commons-codec/commons-codec/1.10/commons-codec-1.10.jar:/Users/thuy.vuthiphuong/.m2/repository/commons-logging/commons-logging/1.2/commons-logging-1.2.jar:/Users/thuy.vuthiphuong/.m2/repository/com/google/guava/guava/25.0-jre/guava-25.0-jre.jar:/Users/thuy.vuthiphuong/.m2/repository/com/google/code/findbugs/jsr305/1.3.9/jsr305-1.3.9.jar:/Users/thuy.vuthiphuong/.m2/repository/org/checkerframework/checker-compat-qual/2.0.0/checker-compat-qual-2.0.0.jar:/Users/thuy.vuthiphuong/.m2/repository/com/google/errorprone/error_prone_annotations/2.1.3/error_prone_annotations-2.1.3.jar:/Users/thuy.vuthiphuong/.m2/repository/com/google/j2objc/j2objc-annotations/1.1/j2objc-annotations-1.1.jar:/Users/thuy.vuthiphuong/.m2/repository/org/codehaus/mojo/animal-sniffer-annotations/1.14/animal-sniffer-annotations-1.14.jar:/Users/thuy.vuthiphuong/.m2/repository/org/apache/httpcomponents/httpclient/4.5.5/httpclient-4.5.5.jar:/Users/thuy.vuthiphuong/.m2/repository/org/apache/httpcomponents/httpcore/4.4.9/httpcore-4.4.9.jar:/Users/thuy.vuthiphuong/.m2/repository/com/squareup/okhttp3/okhttp/3.10.0/okhttp-3.10.0.jar:/Users/thuy.vuthiphuong/.m2/repository/com/squareup/okio/okio/1.14.1/okio-1.14.1.jar:/Users/thuy.vuthiphuong/.m2/repository/org/testng/testng/6.14.3/testng-6.14.3.jar:/Users/thuy.vuthiphuong/.m2/repository/com/beust/jcommander/1.72/jcommander-1.72.jar:/Users/thuy.vuthiphuong/.m2/repository/org/apache-extras/beanshell/bsh/2.0b6/bsh-2.0b6.jar:/Users/thuy.vuthiphuong/.m2/repository/org/seleniumhq/selenium/selenium-server/3.14.0/selenium-server-3.14.0.jar:/Users/thuy.vuthiphuong/.m2/repository/org/apache/commons/commons-lang3/3.7/commons-lang3-3.7.jar:/Users/thuy.vuthiphuong/.m2/repository/org/apache/commons/commons-text/1.1/commons-text-1.1.jar:/Users/thuy.vuthiphuong/.m2/repository/commons-io/commons-io/2.6/commons-io-2.6.jar:/Users/thuy.vuthiphuong/.m2/repository/commons-net/commons-net/3.6/commons-net-3.6.jar:/Users/thuy.vuthiphuong/.m2/repository/net/sourceforge/htmlunit/htmlunit/2.30/htmlunit-2.30.jar:/Users/thuy.vuthiphuong/.m2/repository/net/sourceforge/htmlunit/htmlunit-core-js/2.28/htmlunit-core-js-2.28.jar:/Users/thuy.vuthiphuong/.m2/repository/net/sourceforge/htmlunit/htmlunit-cssparser/1.0.0/htmlunit-cssparser-1.0.0.jar:/Users/thuy.vuthiphuong/.m2/repository/net/sourceforge/htmlunit/neko-htmlunit/2.30/neko-htmlunit-2.30.jar:/Users/thuy.vuthiphuong/.m2/repository/org/apache/httpcomponents/httpmime/4.5.5/httpmime-4.5.5.jar:/Users/thuy.vuthiphuong/.m2/repository/net/jcip/jcip-annotations/1.0/jcip-annotations-1.0.jar:/Users/thuy.vuthiphuong/.m2/repository/org/seleniumhq/selenium/jetty-repacked/9.4.8.v20180619/jetty-repacked-9.4.8.v20180619.jar:/Users/thuy.vuthiphuong/.m2/repository/org/eclipse/jetty/jetty-client/9.4.8.v20180619/jetty-client-9.4.8.v20180619.jar:/Users/thuy.vuthiphuong/.m2/repository/org/eclipse/jetty/jetty-http/9.4.8.v20180619/jetty-http-9.4.8.v20180619.jar:/Users/thuy.vuthiphuong/.m2/repository/org/eclipse/jetty/jetty-io/9.4.8.v20180619/jetty-io-9.4.8.v20180619.jar:/Users/thuy.vuthiphuong/.m2/repository/org/eclipse/jetty/jetty-util/9.4.8.v20180619/jetty-util-9.4.8.v20180619.jar:/Users/thuy.vuthiphuong/.m2/repository/org/eclipse/jetty/jetty-xml/9.4.8.v20180619/jetty-xml-9.4.8.v20180619.jar:/Users/thuy.vuthiphuong/.m2/repository/org/seleniumhq/selenium/htmlunit-driver/2.30.0/htmlunit-driver-2.30.0.jar:/Users/thuy.vuthiphuong/.m2/repository/javax/servlet/javax.servlet-api/3.1.0/javax.servlet-api-3.1.0.jar:/Users/thuy.vuthiphuong/.m2/repository/org/eclipse/jetty/websocket/websocket-api/9.4.8.v20180619/websocket-api-9.4.8.v20180619.jar:/Users/thuy.vuthiphuong/.m2/repository/org/eclipse/jetty/websocket/websocket-client/9.4.8.v20180619/websocket-client-9.4.8.v20180619.jar:/Users/thuy.vuthiphuong/.m2/repository/org/eclipse/jetty/websocket/websocket-common/9.4.8.v20180619/websocket-common-9.4.8.v20180619.jar:/Users/thuy.vuthiphuong/.m2/repository/xalan/serializer/2.7.2/serializer-2.7.2.jar:/Users/thuy.vuthiphuong/.m2/repository/xalan/xalan/2.7.2/xalan-2.7.2.jar:/Users/thuy.vuthiphuong/.m2/repository/xerces/xercesImpl/2.11.0/xercesImpl-2.11.0.jar:/Users/thuy.vuthiphuong/.m2/repository/xml-apis/xml-apis/1.4.01/xml-apis-1.4.01.jar:/Users/thuy.vuthiphuong/.m2/repository/org/yaml/snakeyaml/1.19/snakeyaml-1.19.jar:/Users/thuy.vuthiphuong/.m2/repository/org/apache/maven/surefire/surefire-testng/3.0.0-M5/surefire-testng-3.0.0-M5.jar:/Users/thuy.vuthiphuong/.m2/repository/org/apache/maven/surefire/common-java5/3.0.0-M5/common-java5-3.0.0-M5.jar:/Users/thuy.vuthiphuong/.m2/repository/org/apache/maven/surefire/surefire-shared-utils/3.0.0-M4/surefire-shared-utils-3.0.0-M4.jar:/Users/thuy.vuthiphuong/.m2/repository/org/apache/maven/surefire/surefire-testng-utils/3.0.0-M5/surefire-testng-utils-3.0.0-M5.jar:/Users/thuy.vuthiphuong/.m2/repository/org/apache/maven/surefire/surefire-grouper/3.0.0-M5/surefire-grouper-3.0.0-M5.jar:/Users/thuy.vuthiphuong/.m2/repository/org/apache/maven/surefire/surefire-api/3.0.0-M5/surefire-api-3.0.0-M5.jar:/Users/thuy.vuthiphuong/.m2/repository/org/apache/maven/surefire/surefire-logger-api/3.0.0-M5/surefire-logger-api-3.0.0-M5.jar:/Users/thuy.vuthiphuong/.m2/repository/vn/tiki/qc/common/0.0.2.4-SNAPSHOT/common-0.0.2.4-SNAPSHOT.jar:/Users/thuy.vuthiphuong/.m2/repository/com/jayway/jsonpath/json-path/2.4.0/json-path-2.4.0.jar:/Users/thuy.vuthiphuong/.m2/repository/net/minidev/json-smart/2.3/json-smart-2.3.jar:/Users/thuy.vuthiphuong/.m2/repository/net/minidev/accessors-smart/1.2/accessors-smart-1.2.jar:/Users/thuy.vuthiphuong/.m2/repository/org/slf4j/slf4j-api/1.7.25/slf4j-api-1.7.25.jar:/Users/thuy.vuthiphuong/.m2/repository/com/fasterxml/jackson/core/jackson-databind/2.10.1/jackson-databind-2.10.1.jar:/Users/thuy.vuthiphuong/.m2/repository/com/fasterxml/jackson/core/jackson-annotations/2.10.1/jackson-annotations-2.10.1.jar:/Users/thuy.vuthiphuong/.m2/repository/com/fasterxml/jackson/core/jackson-core/2.10.1/jackson-core-2.10.1.jar:/Users/thuy.vuthiphuong/.m2/repository/com/fasterxml/jackson/dataformat/jackson-dataformat-yaml/2.10.1/jackson-dataformat-yaml-2.10.1.jar:/Users/thuy.vuthiphuong/.m2/repository/io/rest-assured/rest-assured/3.1.0/rest-assured-3.1.0.jar:/Users/thuy.vuthiphuong/.m2/repository/org/codehaus/groovy/groovy/2.4.12/groovy-2.4.12.jar:/Users/thuy.vuthiphuong/.m2/repository/org/codehaus/groovy/groovy-xml/2.4.12/groovy-xml-2.4.12.jar:/Users/thuy.vuthiphuong/.m2/repository/org/hamcrest/hamcrest-core/1.3/hamcrest-core-1.3.jar:/Users/thuy.vuthiphuong/.m2/repository/org/hamcrest/hamcrest-library/1.3/hamcrest-library-1.3.jar:/Users/thuy.vuthiphuong/.m2/repository/org/ccil/cowan/tagsoup/tagsoup/1.2.1/tagsoup-1.2.1.jar:/Users/thuy.vuthiphuong/.m2/repository/io/rest-assured/json-path/3.1.0/json-path-3.1.0.jar:/Users/thuy.vuthiphuong/.m2/repository/org/codehaus/groovy/groovy-json/2.4.12/groovy-json-2.4.12.jar:/Users/thuy.vuthiphuong/.m2/repository/io/rest-assured/rest-assured-common/3.1.0/rest-assured-common-3.1.0.jar:/Users/thuy.vuthiphuong/.m2/repository/io/rest-assured/xml-path/3.1.0/xml-path-3.1.0.jar:/Users/thuy.vuthiphuong/.m2/repository/javax/xml/bind/jaxb-api/2.2.12/jaxb-api-2.2.12.jar:/Users/thuy.vuthiphuong/.m2/repository/mysql/mysql-connector-java/8.0.12/mysql-connector-java-8.0.12.jar:/Users/thuy.vuthiphuong/.m2/repository/com/google/protobuf/protobuf-java/2.6.0/protobuf-java-2.6.0.jar:/Users/thuy.vuthiphuong/.m2/repository/com/google/code/gson/gson/2.8.5/gson-2.8.5.jar:/Users/thuy.vuthiphuong/.m2/repository/javax/mail/mail/1.4.7/mail-1.4.7.jar:/Users/thuy.vuthiphuong/.m2/repository/javax/activation/activation/1.1/activation-1.1.jar:/Users/thuy.vuthiphuong/.m2/repository/net/lingala/zip4j/zip4j/1.3.2/zip4j-1.3.2.jar:/Users/thuy.vuthiphuong/.m2/repository/io/appium/java-client/7.0.0/java-client-7.0.0.jar:/Users/thuy.vuthiphuong/.m2/repository/cglib/cglib/3.2.8/cglib-3.2.8.jar:/Users/thuy.vuthiphuong/.m2/repository/org/ow2/asm/asm/6.2.1/asm-6.2.1.jar:/Users/thuy.vuthiphuong/.m2/repository/org/apache/ant/ant/1.10.3/ant-1.10.3.jar:/Users/thuy.vuthiphuong/.m2/repository/org/apache/ant/ant-launcher/1.10.3/ant-launcher-1.10.3.jar:/Users/thuy.vuthiphuong/.m2/repository/commons-validator/commons-validator/1.6/commons-validator-1.6.jar:/Users/thuy.vuthiphuong/.m2/repository/commons-beanutils/commons-beanutils/1.9.2/commons-beanutils-1.9.2.jar:/Users/thuy.vuthiphuong/.m2/repository/commons-digester/commons-digester/1.8.1/commons-digester-1.8.1.jar:/Users/thuy.vuthiphuong/.m2/repository/org/springframework/spring-context/5.1.0.RELEASE/spring-context-5.1.0.RELEASE.jar:/Users/thuy.vuthiphuong/.m2/repository/org/springframework/spring-aop/5.1.0.RELEASE/spring-aop-5.1.0.RELEASE.jar:/Users/thuy.vuthiphuong/.m2/repository/org/springframework/spring-beans/5.1.0.RELEASE/spring-beans-5.1.0.RELEASE.jar:/Users/thuy.vuthiphuong/.m2/repository/org/springframework/spring-core/5.1.0.RELEASE/spring-core-5.1.0.RELEASE.jar:/Users/thuy.vuthiphuong/.m2/repository/org/springframework/spring-jcl/5.1.0.RELEASE/spring-jcl-5.1.0.RELEASE.jar:/Users/thuy.vuthiphuong/.m2/repository/org/springframework/spring-expression/5.1.0.RELEASE/spring-expression-5.1.0.RELEASE.jar:/Users/thuy.vuthiphuong/.m2/repository/org/aspectj/aspectjweaver/1.9.1/aspectjweaver-1.9.1.jar:/Users/thuy.vuthiphuong/.m2/repository/io/cucumber/cucumber-java/4.4.0/cucumber-java-4.4.0.jar:/Users/thuy.vuthiphuong/.m2/repository/org/postgresql/postgresql/42.2.6/postgresql-42.2.6.jar:/Users/thuy.vuthiphuong/.m2/repository/com/googlecode/json-simple/json-simple/1.1.1/json-simple-1.1.1.jar:/Users/thuy.vuthiphuong/.m2/repository/junit/junit/4.10/junit-4.10.jar:/Users/thuy.vuthiphuong/.m2/repository/org/apache/logging/log4j/log4j-core/2.12.1/log4j-core-2.12.1.jar:/Users/thuy.vuthiphuong/.m2/repository/org/apache/logging/log4j/log4j-api/2.12.1/log4j-api-2.12.1.jar:/Users/thuy.vuthiphuong/.m2/repository/com/google/api-client/google-api-client/1.30.1/google-api-client-1.30.1.jar:/Users/thuy.vuthiphuong/.m2/repository/com/google/oauth-client/google-oauth-client/1.30.1/google-oauth-client-1.30.1.jar:/Users/thuy.vuthiphuong/.m2/repository/com/google/http-client/google-http-client-jackson2/1.30.1/google-http-client-jackson2-1.30.1.jar:/Users/thuy.vuthiphuong/.m2/repository/com/google/oauth-client/google-oauth-client-jetty/1.23.0/google-oauth-client-jetty-1.23.0.jar:/Users/thuy.vuthiphuong/.m2/repository/com/google/oauth-client/google-oauth-client-java6/1.23.0/google-oauth-client-java6-1.23.0.jar:/Users/thuy.vuthiphuong/.m2/repository/org/mortbay/jetty/jetty/6.1.26/jetty-6.1.26.jar:/Users/thuy.vuthiphuong/.m2/repository/org/mortbay/jetty/jetty-util/6.1.26/jetty-util-6.1.26.jar:/Users/thuy.vuthiphuong/.m2/repository/org/mortbay/jetty/servlet-api/2.5-20081211/servlet-api-2.5-20081211.jar:/Users/thuy.vuthiphuong/.m2/repository/com/google/apis/google-api-services-sheets/v4-rev581-1.25.0/google-api-services-sheets-v4-rev581-1.25.0.jar:/Users/thuy.vuthiphuong/.m2/repository/com/google/auth/google-auth-library-oauth2-http/0.18.0/google-auth-library-oauth2-http-0.18.0.jar:/Users/thuy.vuthiphuong/.m2/repository/com/google/auto/value/auto-value-annotations/1.6.6/auto-value-annotations-1.6.6.jar:/Users/thuy.vuthiphuong/.m2/repository/com/google/auth/google-auth-library-credentials/0.18.0/google-auth-library-credentials-0.18.0.jar:/Users/thuy.vuthiphuong/.m2/repository/com/google/http-client/google-http-client/1.32.1/google-http-client-1.32.1.jar:/Users/thuy.vuthiphuong/.m2/repository/io/opencensus/opencensus-api/0.24.0/opencensus-api-0.24.0.jar:/Users/thuy.vuthiphuong/.m2/repository/io/grpc/grpc-context/1.22.1/grpc-context-1.22.1.jar:/Users/thuy.vuthiphuong/.m2/repository/io/opencensus/opencensus-contrib-http-util/0.24.0/opencensus-contrib-http-util-0.24.0.jar:/Users/thuy.vuthiphuong/.m2/repository/org/mongodb/mongo-java-driver/3.12.0/mongo-java-driver-3.12.0.jar:/Users/thuy.vuthiphuong/.m2/repository/vn/tiki/qc/image-comparison/4.2.1/image-comparison-4.2.1.jar:/Users/thuy.vuthiphuong/.m2/repository/ru/yandex/qatools/ashot/ashot/1.5.4/ashot-1.5.4.jar:/Users/thuy.vuthiphuong/.m2/repository/org/java-websocket/Java-WebSocket/1.5.1/Java-WebSocket-1.5.1.jar:/Users/thuy.vuthiphuong/.m2/repository/io/cucumber/cucumber-testng/6.5.0/cucumber-testng-6.5.0.jar:/Users/thuy.vuthiphuong/.m2/repository/org/apiguardian/apiguardian-api/1.1.0/apiguardian-api-1.1.0.jar:/Users/thuy.vuthiphuong/.m2/repository/io/cucumber/cucumber-core/6.5.0/cucumber-core-6.5.0.jar:/Users/thuy.vuthiphuong/.m2/repository/io/cucumber/cucumber-gherkin/6.5.0/cucumber-gherkin-6.5.0.jar:/Users/thuy.vuthiphuong/.m2/repository/io/cucumber/cucumber-gherkin-messages/6.5.0/cucumber-gherkin-messages-6.5.0.jar:/Users/thuy.vuthiphuong/.m2/repository/io/cucumber/tag-expressions/3.0.0/tag-expressions-3.0.0.jar:/Users/thuy.vuthiphuong/.m2/repository/io/cucumber/cucumber-expressions/10.3.0/cucumber-expressions-10.3.0.jar:/Users/thuy.vuthiphuong/.m2/repository/io/cucumber/datatable/3.4.0/datatable-3.4.0.jar:/Users/thuy.vuthiphuong/.m2/repository/io/cucumber/cucumber-plugin/6.5.0/cucumber-plugin-6.5.0.jar:/Users/thuy.vuthiphuong/.m2/repository/io/cucumber/docstring/6.5.0/docstring-6.5.0.jar:/Users/thuy.vuthiphuong/.m2/repository/io/cucumber/html-formatter/9.0.0/html-formatter-9.0.0.jar:/Users/thuy.vuthiphuong/.m2/repository/io/cucumber/create-meta/2.0.0/create-meta-2.0.0.jar:/Users/thuy.vuthiphuong/.m2/repository/info/cukes/cucumber-html/0.2.3/cucumber-html-0.2.3.jar:/Users/thuy.vuthiphuong/.m2/repository/info/cukes/cucumber-jvm-deps/1.0.5/cucumber-jvm-deps-1.0.5.jar:/Users/thuy.vuthiphuong/.m2/repository/info/cukes/gherkin/2.12.2/gherkin-2.12.2.jar:/Users/thuy.vuthiphuong/.m2/repository/net/masterthought/cucumber-reporting/5.3.1/cucumber-reporting-5.3.1.jar:/Users/thuy.vuthiphuong/.m2/repository/com/fasterxml/jackson/datatype/jackson-datatype-jsr310/2.10.1/jackson-datatype-jsr310-2.10.1.jar:/Users/thuy.vuthiphuong/.m2/repository/org/apache/velocity/velocity-engine-core/2.1/velocity-engine-core-2.1.jar:/Users/thuy.vuthiphuong/.m2/repository/commons-collections/commons-collections/3.2.2/commons-collections-3.2.2.jar:/Users/thuy.vuthiphuong/.m2/repository/joda-time/joda-time/2.10.5/joda-time-2.10.5.jar:/Users/thuy.vuthiphuong/.m2/repository/org/codehaus/plexus/plexus-utils/3.3.0/plexus-utils-3.3.0.jar:/Users/thuy.vuthiphuong/.m2/repository/org/jsoup/jsoup/1.12.1/jsoup-1.12.1.jar:/Users/thuy.vuthiphuong/.m2/repository/com/googlecode/owasp-java-html-sanitizer/owasp-java-html-sanitizer/20191001.1/owasp-java-html-sanitizer-20191001.1.jar:/Users/thuy.vuthiphuong/.m2/repository/commons-configuration/commons-configuration/1.10/commons-configuration-1.10.jar:/Users/thuy.vuthiphuong/.m2/repository/commons-lang/commons-lang/2.6/commons-lang-2.6.jar:/Users/thuy.vuthiphuong/.m2/repository/io/cucumber/gherkin/15.0.2/gherkin-15.0.2.jar:/Users/thuy.vuthiphuong/.m2/repository/io/cucumber/messages/13.0.1/messages-13.0.1.jar:"/>
    <property name="sun.cpu.endian" value="little"/>
    <property name="user.home" value="/Users/thuy.vuthiphuong"/>
    <property name="user.language" value="en"/>
    <property name="testng.selenium.endpoint" value=""/>
    <property name="java.specification.vendor" value="Oracle Corporation"/>
    <property name="java.version.date" value="2020-04-14"/>
    <property name="java.home" value="/Library/Java/JavaVirtualMachines/jdk-11.0.7.jdk/Contents/Home"/>
    <property name="file.separator" value="/"/>
    <property name="basedir" value="/Users/thuy.vuthiphuong/eclipse-workspace/maven_testNG_selenium_cucumber"/>
    <property name="java.vm.compressedOopsMode" value="Zero based"/>
    <property name="line.separator" value="&#10;"/>
    <property name="java.specification.name" value="Java Platform API Specification"/>
    <property name="java.vm.specification.vendor" value="Oracle Corporation"/>
    <property name="java.awt.graphicsenv" value="sun.awt.CGraphicsEnvironment"/>
    <property name="surefire.real.class.path" value="/Users/thuy.vuthiphuong/eclipse-workspace/maven_testNG_selenium_cucumber/target/surefire/surefirebooter10203732988726722515.jar"/>
    <property name="sun.management.compiler" value="HotSpot 64-Bit Tiered Compilers"/>
    <property name="ftp.nonProxyHosts" value="local|*.local|169.254/16|*.169.254/16"/>
    <property name="java.runtime.version" value="11.0.7+8-LTS"/>
    <property name="user.name" value="thuy.vuthiphuong"/>
    <property name="path.separator" value=":"/>
    <property name="os.version" value="10.15.4"/>
    <property name="java.runtime.name" value="Java(TM) SE Runtime Environment"/>
    <property name="file.encoding" value="UTF-8"/>
    <property name="java.vm.name" value="Java HotSpot(TM) 64-Bit Server VM"/>
    <property name="java.vendor.version" value="18.9"/>
    <property name="localRepository" value="/Users/thuy.vuthiphuong/.m2/repository"/>
    <property name="java.vendor.url.bug" value="https://bugreport.java.com/bugreport/"/>
    <property name="java.io.tmpdir" value="/var/folders/44/00881rqs6hq5w3j0s_d7s2_r0000gq/T/"/>
    <property name="java.version" value="11.0.7"/>
    <property name="user.dir" value="/Users/thuy.vuthiphuong/eclipse-workspace/maven_testNG_selenium_cucumber"/>
    <property name="os.arch" value="x86_64"/>
    <property name="java.vm.specification.name" value="Java Virtual Machine Specification"/>
    <property name="java.awt.printerjob" value="sun.lwawt.macosx.CPrinterJob"/>
    <property name="sun.os.patch.level" value="unknown"/>
    <property name="java.library.path" value="/Users/thuy.vuthiphuong/Library/Java/Extensions:/Library/Java/Extensions:/Network/Library/Java/Extensions:/System/Library/Java/Extensions:/usr/lib/java:."/>
    <property name="java.vendor" value="Oracle Corporation"/>
    <property name="java.vm.info" value="mixed mode"/>
    <property name="java.vm.version" value="11.0.7+8-LTS"/>
    <property name="sun.io.unicode.encoding" value="UnicodeBig"/>
    <property name="java.class.version" value="55.0"/>
    <property name="socksNonProxyHosts" value="local|*.local|169.254/16|*.169.254/16"/>
  </properties>
  <testcase name="runScenario[&quot;Login seller center&quot;, &quot;Optional[Login]&quot;](1)" classname="runner.CucumberRunner" time="0.051">
    <failure message="No backends were found. Please make sure you have a backend module on your CLASSPATH." type="io.cucumber.core.exception.CucumberException"><![CDATA[io.cucumber.core.exception.CucumberException: No backends were found. Please make sure you have a backend module on your CLASSPATH.
]]></failure>
    <system-err><![CDATA[Aug 21, 2020 3:47:51 PM io.cucumber.core.runtime.CucumberExecutionContext getRunner
SEVERE: Unable to start Cucumber
io.cucumber.core.exception.CucumberException: No backends were found. Please make sure you have a backend module on your CLASSPATH.
	at io.cucumber.core.runtime.BackendServiceLoader.get(BackendServiceLoader.java:38)
	at io.cucumber.core.runtime.BackendServiceLoader.get(BackendServiceLoader.java:32)
	at io.cucumber.core.runtime.ThreadLocalRunnerSupplier.createRunner(ThreadLocalRunnerSupplier.java:49)
	at java.base/java.lang.ThreadLocal$SuppliedThreadLocal.initialValue(ThreadLocal.java:305)
	at java.base/java.lang.ThreadLocal.setInitialValue(ThreadLocal.java:195)
	at java.base/java.lang.ThreadLocal.get(ThreadLocal.java:172)
	at io.cucumber.core.runtime.ThreadLocalRunnerSupplier.get(ThreadLocalRunnerSupplier.java:43)
	at io.cucumber.core.runtime.CucumberExecutionContext.getRunner(CucumberExecutionContext.java:128)
	at io.cucumber.core.runtime.CucumberExecutionContext.runTestCase(CucumberExecutionContext.java:115)
	at io.cucumber.testng.TestNGCucumberRunner.runScenario(TestNGCucumberRunner.java:113)
	at io.cucumber.testng.AbstractTestNGCucumberTests.runScenario(AbstractTestNGCucumberTests.java:31)
	at java.base/jdk.internal.reflect.NativeMethodAccessorImpl.invoke0(Native Method)
	at java.base/jdk.internal.reflect.NativeMethodAccessorImpl.invoke(NativeMethodAccessorImpl.java:62)
	at java.base/jdk.internal.reflect.DelegatingMethodAccessorImpl.invoke(DelegatingMethodAccessorImpl.java:43)
	at java.base/java.lang.reflect.Method.invoke(Method.java:566)
	at org.testng.internal.MethodInvocationHelper.invokeMethod(MethodInvocationHelper.java:124)
	at org.testng.internal.Invoker.invokeMethod(Invoker.java:583)
	at org.testng.internal.Invoker.invokeTestMethod(Invoker.java:719)
	at org.testng.internal.Invoker.invokeTestMethods(Invoker.java:989)
	at org.testng.internal.TestMethodWorker.invokeTestMethods(TestMethodWorker.java:125)
	at org.testng.internal.TestMethodWorker.run(TestMethodWorker.java:109)
	at org.testng.TestRunner.privateRun(TestRunner.java:648)
	at org.testng.TestRunner.run(TestRunner.java:505)
	at org.testng.SuiteRunner.runTest(SuiteRunner.java:455)
	at org.testng.SuiteRunner.runSequentially(SuiteRunner.java:450)
	at org.testng.SuiteRunner.privateRun(SuiteRunner.java:415)
	at org.testng.SuiteRunner.run(SuiteRunner.java:364)
	at org.testng.SuiteRunnerWorker.runSuite(SuiteRunnerWorker.java:52)
	at org.testng.SuiteRunnerWorker.run(SuiteRunnerWorker.java:84)
	at org.testng.TestNG.runSuitesSequentially(TestNG.java:1208)
	at org.testng.TestNG.runSuitesLocally(TestNG.java:1137)
	at org.testng.TestNG.runSuites(TestNG.java:1049)
	at org.testng.TestNG.run(TestNG.java:1017)
	at org.apache.maven.surefire.testng.TestNGExecutor.run(TestNGExecutor.java:284)
	at org.apache.maven.surefire.testng.TestNGXmlTestSuite.execute(TestNGXmlTestSuite.java:75)
	at org.apache.maven.surefire.testng.TestNGProvider.invoke(TestNGProvider.java:119)
	at org.apache.maven.surefire.booter.ForkedBooter.runSuitesInProcess(ForkedBooter.java:428)
	at org.apache.maven.surefire.booter.ForkedBooter.execute(ForkedBooter.java:162)
	at org.apache.maven.surefire.booter.ForkedBooter.run(ForkedBooter.java:562)
	at org.apache.maven.surefire.booter.ForkedBooter.main(ForkedBooter.java:548)

]]></system-err>
  </testcase>
</testsuite>