<?xml version="1.0" encoding="UTF-8"?>
<testsuite xmlns:xsi="http://www.w3.org/2001/XMLSchema-instance" xsi:noNamespaceSchemaLocation="https://maven.apache.org/surefire/maven-surefire-plugin/xsd/surefire-test-report-3.0.xsd" version="3.0" name="TestSuite" time="0.907" tests="1" errors="0" skipped="1" failures="0">
  <properties>
    <property name="gopherProxySet" value="false"/>
    <property name="awt.toolkit" value="sun.lwawt.macosx.LWCToolkit"/>
    <property name="java.specification.version" value="11"/>
    <property name="sun.cpu.isalist" value=""/>
    <property name="sun.jnu.encoding" value="UTF-8"/>
    <property name="java.class.path" value="/Users/thinh.tranquoc/works/test/demo/target/test-classes:/Users/thinh.tranquoc/works/test/demo/target/classes:/Users/thinh.tranquoc/.m2/repository/org/seleniumhq/selenium/selenium-java/3.14.0/selenium-java-3.14.0.jar:/Users/thinh.tranquoc/.m2/repository/org/seleniumhq/selenium/selenium-api/3.14.0/selenium-api-3.14.0.jar:/Users/thinh.tranquoc/.m2/repository/org/seleniumhq/selenium/selenium-chrome-driver/3.14.0/selenium-chrome-driver-3.14.0.jar:/Users/thinh.tranquoc/.m2/repository/org/seleniumhq/selenium/selenium-edge-driver/3.14.0/selenium-edge-driver-3.14.0.jar:/Users/thinh.tranquoc/.m2/repository/org/seleniumhq/selenium/selenium-firefox-driver/3.14.0/selenium-firefox-driver-3.14.0.jar:/Users/thinh.tranquoc/.m2/repository/org/seleniumhq/selenium/selenium-ie-driver/3.14.0/selenium-ie-driver-3.14.0.jar:/Users/thinh.tranquoc/.m2/repository/org/seleniumhq/selenium/selenium-opera-driver/3.14.0/selenium-opera-driver-3.14.0.jar:/Users/thinh.tranquoc/.m2/repository/org/seleniumhq/selenium/selenium-remote-driver/3.14.0/selenium-remote-driver-3.14.0.jar:/Users/thinh.tranquoc/.m2/repository/org/seleniumhq/selenium/selenium-safari-driver/3.14.0/selenium-safari-driver-3.14.0.jar:/Users/thinh.tranquoc/.m2/repository/org/seleniumhq/selenium/selenium-support/3.14.0/selenium-support-3.14.0.jar:/Users/thinh.tranquoc/.m2/repository/net/bytebuddy/byte-buddy/1.8.15/byte-buddy-1.8.15.jar:/Users/thinh.tranquoc/.m2/repository/org/apache/commons/commons-exec/1.3/commons-exec-1.3.jar:/Users/thinh.tranquoc/.m2/repository/commons-codec/commons-codec/1.10/commons-codec-1.10.jar:/Users/thinh.tranquoc/.m2/repository/commons-logging/commons-logging/1.2/commons-logging-1.2.jar:/Users/thinh.tranquoc/.m2/repository/com/google/guava/guava/25.0-jre/guava-25.0-jre.jar:/Users/thinh.tranquoc/.m2/repository/com/google/code/findbugs/jsr305/1.3.9/jsr305-1.3.9.jar:/Users/thinh.tranquoc/.m2/repository/org/checkerframework/checker-compat-qual/2.0.0/checker-compat-qual-2.0.0.jar:/Users/thinh.tranquoc/.m2/repository/com/google/errorprone/error_prone_annotations/2.1.3/error_prone_annotations-2.1.3.jar:/Users/thinh.tranquoc/.m2/repository/com/google/j2objc/j2objc-annotations/1.1/j2objc-annotations-1.1.jar:/Users/thinh.tranquoc/.m2/repository/org/codehaus/mojo/animal-sniffer-annotations/1.14/animal-sniffer-annotations-1.14.jar:/Users/thinh.tranquoc/.m2/repository/org/apache/httpcomponents/httpclient/4.5.5/httpclient-4.5.5.jar:/Users/thinh.tranquoc/.m2/repository/org/apache/httpcomponents/httpcore/4.4.9/httpcore-4.4.9.jar:/Users/thinh.tranquoc/.m2/repository/com/squareup/okhttp3/okhttp/3.10.0/okhttp-3.10.0.jar:/Users/thinh.tranquoc/.m2/repository/com/squareup/okio/okio/1.14.1/okio-1.14.1.jar:/Users/thinh.tranquoc/.m2/repository/org/testng/testng/6.14.3/testng-6.14.3.jar:/Users/thinh.tranquoc/.m2/repository/com/beust/jcommander/1.72/jcommander-1.72.jar:/Users/thinh.tranquoc/.m2/repository/org/apache-extras/beanshell/bsh/2.0b6/bsh-2.0b6.jar:/Users/thinh.tranquoc/.m2/repository/org/seleniumhq/selenium/selenium-server/3.14.0/selenium-server-3.14.0.jar:/Users/thinh.tranquoc/.m2/repository/org/apache/commons/commons-lang3/3.7/commons-lang3-3.7.jar:/Users/thinh.tranquoc/.m2/repository/org/apache/commons/commons-text/1.1/commons-text-1.1.jar:/Users/thinh.tranquoc/.m2/repository/commons-io/commons-io/2.6/commons-io-2.6.jar:/Users/thinh.tranquoc/.m2/repository/commons-net/commons-net/3.6/commons-net-3.6.jar:/Users/thinh.tranquoc/.m2/repository/net/sourceforge/htmlunit/htmlunit/2.30/htmlunit-2.30.jar:/Users/thinh.tranquoc/.m2/repository/net/sourceforge/htmlunit/htmlunit-core-js/2.28/htmlunit-core-js-2.28.jar:/Users/thinh.tranquoc/.m2/repository/net/sourceforge/htmlunit/htmlunit-cssparser/1.0.0/htmlunit-cssparser-1.0.0.jar:/Users/thinh.tranquoc/.m2/repository/net/sourceforge/htmlunit/neko-htmlunit/2.30/neko-htmlunit-2.30.jar:/Users/thinh.tranquoc/.m2/repository/org/apache/httpcomponents/httpmime/4.5.5/httpmime-4.5.5.jar:/Users/thinh.tranquoc/.m2/repository/net/jcip/jcip-annotations/1.0/jcip-annotations-1.0.jar:/Users/thinh.tranquoc/.m2/repository/org/seleniumhq/selenium/jetty-repacked/9.4.8.v20180619/jetty-repacked-9.4.8.v20180619.jar:/Users/thinh.tranquoc/.m2/repository/org/eclipse/jetty/jetty-client/9.4.8.v20180619/jetty-client-9.4.8.v20180619.jar:/Users/thinh.tranquoc/.m2/repository/org/eclipse/jetty/jetty-http/9.4.8.v20180619/jetty-http-9.4.8.v20180619.jar:/Users/thinh.tranquoc/.m2/repository/org/eclipse/jetty/jetty-io/9.4.8.v20180619/jetty-io-9.4.8.v20180619.jar:/Users/thinh.tranquoc/.m2/repository/org/eclipse/jetty/jetty-util/9.4.8.v20180619/jetty-util-9.4.8.v20180619.jar:/Users/thinh.tranquoc/.m2/repository/org/eclipse/jetty/jetty-xml/9.4.8.v20180619/jetty-xml-9.4.8.v20180619.jar:/Users/thinh.tranquoc/.m2/repository/org/seleniumhq/selenium/htmlunit-driver/2.30.0/htmlunit-driver-2.30.0.jar:/Users/thinh.tranquoc/.m2/repository/javax/servlet/javax.servlet-api/3.1.0/javax.servlet-api-3.1.0.jar:/Users/thinh.tranquoc/.m2/repository/org/eclipse/jetty/websocket/websocket-api/9.4.8.v20180619/websocket-api-9.4.8.v20180619.jar:/Users/thinh.tranquoc/.m2/repository/org/eclipse/jetty/websocket/websocket-client/9.4.8.v20180619/websocket-client-9.4.8.v20180619.jar:/Users/thinh.tranquoc/.m2/repository/org/eclipse/jetty/websocket/websocket-common/9.4.8.v20180619/websocket-common-9.4.8.v20180619.jar:/Users/thinh.tranquoc/.m2/repository/xalan/serializer/2.7.2/serializer-2.7.2.jar:/Users/thinh.tranquoc/.m2/repository/xalan/xalan/2.7.2/xalan-2.7.2.jar:/Users/thinh.tranquoc/.m2/repository/xerces/xercesImpl/2.11.0/xercesImpl-2.11.0.jar:/Users/thinh.tranquoc/.m2/repository/xml-apis/xml-apis/1.4.01/xml-apis-1.4.01.jar:/Users/thinh.tranquoc/.m2/repository/org/yaml/snakeyaml/1.19/snakeyaml-1.19.jar:/Users/thinh.tranquoc/.m2/repository/org/apache/maven/surefire/surefire-testng/3.0.0-M5/surefire-testng-3.0.0-M5.jar:/Users/thinh.tranquoc/.m2/repository/org/apache/maven/surefire/common-java5/3.0.0-M5/common-java5-3.0.0-M5.jar:/Users/thinh.tranquoc/.m2/repository/org/apache/maven/surefire/surefire-shared-utils/3.0.0-M4/surefire-shared-utils-3.0.0-M4.jar:/Users/thinh.tranquoc/.m2/repository/org/apache/maven/surefire/surefire-testng-utils/3.0.0-M5/surefire-testng-utils-3.0.0-M5.jar:/Users/thinh.tranquoc/.m2/repository/org/apache/maven/surefire/surefire-grouper/3.0.0-M5/surefire-grouper-3.0.0-M5.jar:/Users/thinh.tranquoc/.m2/repository/org/apache/maven/surefire/surefire-api/3.0.0-M5/surefire-api-3.0.0-M5.jar:/Users/thinh.tranquoc/.m2/repository/org/apache/maven/surefire/surefire-logger-api/3.0.0-M5/surefire-logger-api-3.0.0-M5.jar:/Users/thinh.tranquoc/.m2/repository/io/cucumber/cucumber-java/4.4.0/cucumber-java-4.4.0.jar:/Users/thinh.tranquoc/.m2/repository/io/cucumber/cucumber-core/4.4.0/cucumber-core-4.4.0.jar:/Users/thinh.tranquoc/.m2/repository/io/cucumber/gherkin/5.1.0/gherkin-5.1.0.jar:/Users/thinh.tranquoc/.m2/repository/io/cucumber/tag-expressions/1.1.1/tag-expressions-1.1.1.jar:/Users/thinh.tranquoc/.m2/repository/io/cucumber/cucumber-expressions/7.0.2/cucumber-expressions-7.0.2.jar:/Users/thinh.tranquoc/.m2/repository/io/cucumber/datatable/1.1.14/datatable-1.1.14.jar:/Users/thinh.tranquoc/.m2/repository/io/cucumber/datatable-dependencies/1.1.14/datatable-dependencies-1.1.14.jar:/Users/thinh.tranquoc/.m2/repository/io/cucumber/cucumber-testng/4.4.0/cucumber-testng-4.4.0.jar:/Users/thinh.tranquoc/.m2/repository/net/masterthought/cucumber-reporting/5.3.1/cucumber-reporting-5.3.1.jar:/Users/thinh.tranquoc/.m2/repository/com/fasterxml/jackson/core/jackson-databind/2.10.1/jackson-databind-2.10.1.jar:/Users/thinh.tranquoc/.m2/repository/com/fasterxml/jackson/core/jackson-annotations/2.10.1/jackson-annotations-2.10.1.jar:/Users/thinh.tranquoc/.m2/repository/com/fasterxml/jackson/core/jackson-core/2.10.1/jackson-core-2.10.1.jar:/Users/thinh.tranquoc/.m2/repository/com/fasterxml/jackson/datatype/jackson-datatype-jsr310/2.10.1/jackson-datatype-jsr310-2.10.1.jar:/Users/thinh.tranquoc/.m2/repository/org/apache/velocity/velocity-engine-core/2.1/velocity-engine-core-2.1.jar:/Users/thinh.tranquoc/.m2/repository/org/slf4j/slf4j-api/1.7.26/slf4j-api-1.7.26.jar:/Users/thinh.tranquoc/.m2/repository/commons-collections/commons-collections/3.2.2/commons-collections-3.2.2.jar:/Users/thinh.tranquoc/.m2/repository/joda-time/joda-time/2.10.5/joda-time-2.10.5.jar:/Users/thinh.tranquoc/.m2/repository/org/codehaus/plexus/plexus-utils/3.3.0/plexus-utils-3.3.0.jar:/Users/thinh.tranquoc/.m2/repository/org/jsoup/jsoup/1.12.1/jsoup-1.12.1.jar:/Users/thinh.tranquoc/.m2/repository/com/googlecode/owasp-java-html-sanitizer/owasp-java-html-sanitizer/20191001.1/owasp-java-html-sanitizer-20191001.1.jar:/Users/thinh.tranquoc/.m2/repository/commons-configuration/commons-configuration/1.10/commons-configuration-1.10.jar:/Users/thinh.tranquoc/.m2/repository/commons-lang/commons-lang/2.6/commons-lang-2.6.jar:"/>
    <property name="java.vm.vendor" value="Oracle Corporation"/>
    <property name="sun.arch.data.model" value="64"/>
    <property name="java.vendor.url" value="http://java.oracle.com/"/>
    <property name="user.timezone" value="Asia/Ho_Chi_Minh"/>
    <property name="java.vm.specification.version" value="11"/>
    <property name="os.name" value="Mac OS X"/>
    <property name="sun.java.launcher" value="SUN_STANDARD"/>
    <property name="user.country" value="VN"/>
    <property name="sun.boot.library.path" value="/Library/Java/JavaVirtualMachines/jdk-11.0.4.jdk/Contents/Home/lib"/>
    <property name="sun.java.command" value="/Users/thinh.tranquoc/works/test/demo/target/surefire/surefirebooter9479054201327166419.jar /Users/thinh.tranquoc/works/test/demo/target/surefire 2020-08-24T00-30-39_285-jvmRun1 surefire15092228534961168761tmp surefire_012668031455262883660tmp"/>
    <property name="http.nonProxyHosts" value="local|*.local|169.254/16|*.169.254/16"/>
    <property name="jdk.debug" value="release"/>
    <property name="surefire.test.class.path" value="/Users/thinh.tranquoc/works/test/demo/target/test-classes:/Users/thinh.tranquoc/works/test/demo/target/classes:/Users/thinh.tranquoc/.m2/repository/org/seleniumhq/selenium/selenium-java/3.14.0/selenium-java-3.14.0.jar:/Users/thinh.tranquoc/.m2/repository/org/seleniumhq/selenium/selenium-api/3.14.0/selenium-api-3.14.0.jar:/Users/thinh.tranquoc/.m2/repository/org/seleniumhq/selenium/selenium-chrome-driver/3.14.0/selenium-chrome-driver-3.14.0.jar:/Users/thinh.tranquoc/.m2/repository/org/seleniumhq/selenium/selenium-edge-driver/3.14.0/selenium-edge-driver-3.14.0.jar:/Users/thinh.tranquoc/.m2/repository/org/seleniumhq/selenium/selenium-firefox-driver/3.14.0/selenium-firefox-driver-3.14.0.jar:/Users/thinh.tranquoc/.m2/repository/org/seleniumhq/selenium/selenium-ie-driver/3.14.0/selenium-ie-driver-3.14.0.jar:/Users/thinh.tranquoc/.m2/repository/org/seleniumhq/selenium/selenium-opera-driver/3.14.0/selenium-opera-driver-3.14.0.jar:/Users/thinh.tranquoc/.m2/repository/org/seleniumhq/selenium/selenium-remote-driver/3.14.0/selenium-remote-driver-3.14.0.jar:/Users/thinh.tranquoc/.m2/repository/org/seleniumhq/selenium/selenium-safari-driver/3.14.0/selenium-safari-driver-3.14.0.jar:/Users/thinh.tranquoc/.m2/repository/org/seleniumhq/selenium/selenium-support/3.14.0/selenium-support-3.14.0.jar:/Users/thinh.tranquoc/.m2/repository/net/bytebuddy/byte-buddy/1.8.15/byte-buddy-1.8.15.jar:/Users/thinh.tranquoc/.m2/repository/org/apache/commons/commons-exec/1.3/commons-exec-1.3.jar:/Users/thinh.tranquoc/.m2/repository/commons-codec/commons-codec/1.10/commons-codec-1.10.jar:/Users/thinh.tranquoc/.m2/repository/commons-logging/commons-logging/1.2/commons-logging-1.2.jar:/Users/thinh.tranquoc/.m2/repository/com/google/guava/guava/25.0-jre/guava-25.0-jre.jar:/Users/thinh.tranquoc/.m2/repository/com/google/code/findbugs/jsr305/1.3.9/jsr305-1.3.9.jar:/Users/thinh.tranquoc/.m2/repository/org/checkerframework/checker-compat-qual/2.0.0/checker-compat-qual-2.0.0.jar:/Users/thinh.tranquoc/.m2/repository/com/google/errorprone/error_prone_annotations/2.1.3/error_prone_annotations-2.1.3.jar:/Users/thinh.tranquoc/.m2/repository/com/google/j2objc/j2objc-annotations/1.1/j2objc-annotations-1.1.jar:/Users/thinh.tranquoc/.m2/repository/org/codehaus/mojo/animal-sniffer-annotations/1.14/animal-sniffer-annotations-1.14.jar:/Users/thinh.tranquoc/.m2/repository/org/apache/httpcomponents/httpclient/4.5.5/httpclient-4.5.5.jar:/Users/thinh.tranquoc/.m2/repository/org/apache/httpcomponents/httpcore/4.4.9/httpcore-4.4.9.jar:/Users/thinh.tranquoc/.m2/repository/com/squareup/okhttp3/okhttp/3.10.0/okhttp-3.10.0.jar:/Users/thinh.tranquoc/.m2/repository/com/squareup/okio/okio/1.14.1/okio-1.14.1.jar:/Users/thinh.tranquoc/.m2/repository/org/testng/testng/6.14.3/testng-6.14.3.jar:/Users/thinh.tranquoc/.m2/repository/com/beust/jcommander/1.72/jcommander-1.72.jar:/Users/thinh.tranquoc/.m2/repository/org/apache-extras/beanshell/bsh/2.0b6/bsh-2.0b6.jar:/Users/thinh.tranquoc/.m2/repository/org/seleniumhq/selenium/selenium-server/3.14.0/selenium-server-3.14.0.jar:/Users/thinh.tranquoc/.m2/repository/org/apache/commons/commons-lang3/3.7/commons-lang3-3.7.jar:/Users/thinh.tranquoc/.m2/repository/org/apache/commons/commons-text/1.1/commons-text-1.1.jar:/Users/thinh.tranquoc/.m2/repository/commons-io/commons-io/2.6/commons-io-2.6.jar:/Users/thinh.tranquoc/.m2/repository/commons-net/commons-net/3.6/commons-net-3.6.jar:/Users/thinh.tranquoc/.m2/repository/net/sourceforge/htmlunit/htmlunit/2.30/htmlunit-2.30.jar:/Users/thinh.tranquoc/.m2/repository/net/sourceforge/htmlunit/htmlunit-core-js/2.28/htmlunit-core-js-2.28.jar:/Users/thinh.tranquoc/.m2/repository/net/sourceforge/htmlunit/htmlunit-cssparser/1.0.0/htmlunit-cssparser-1.0.0.jar:/Users/thinh.tranquoc/.m2/repository/net/sourceforge/htmlunit/neko-htmlunit/2.30/neko-htmlunit-2.30.jar:/Users/thinh.tranquoc/.m2/repository/org/apache/httpcomponents/httpmime/4.5.5/httpmime-4.5.5.jar:/Users/thinh.tranquoc/.m2/repository/net/jcip/jcip-annotations/1.0/jcip-annotations-1.0.jar:/Users/thinh.tranquoc/.m2/repository/org/seleniumhq/selenium/jetty-repacked/9.4.8.v20180619/jetty-repacked-9.4.8.v20180619.jar:/Users/thinh.tranquoc/.m2/repository/org/eclipse/jetty/jetty-client/9.4.8.v20180619/jetty-client-9.4.8.v20180619.jar:/Users/thinh.tranquoc/.m2/repository/org/eclipse/jetty/jetty-http/9.4.8.v20180619/jetty-http-9.4.8.v20180619.jar:/Users/thinh.tranquoc/.m2/repository/org/eclipse/jetty/jetty-io/9.4.8.v20180619/jetty-io-9.4.8.v20180619.jar:/Users/thinh.tranquoc/.m2/repository/org/eclipse/jetty/jetty-util/9.4.8.v20180619/jetty-util-9.4.8.v20180619.jar:/Users/thinh.tranquoc/.m2/repository/org/eclipse/jetty/jetty-xml/9.4.8.v20180619/jetty-xml-9.4.8.v20180619.jar:/Users/thinh.tranquoc/.m2/repository/org/seleniumhq/selenium/htmlunit-driver/2.30.0/htmlunit-driver-2.30.0.jar:/Users/thinh.tranquoc/.m2/repository/javax/servlet/javax.servlet-api/3.1.0/javax.servlet-api-3.1.0.jar:/Users/thinh.tranquoc/.m2/repository/org/eclipse/jetty/websocket/websocket-api/9.4.8.v20180619/websocket-api-9.4.8.v20180619.jar:/Users/thinh.tranquoc/.m2/repository/org/eclipse/jetty/websocket/websocket-client/9.4.8.v20180619/websocket-client-9.4.8.v20180619.jar:/Users/thinh.tranquoc/.m2/repository/org/eclipse/jetty/websocket/websocket-common/9.4.8.v20180619/websocket-common-9.4.8.v20180619.jar:/Users/thinh.tranquoc/.m2/repository/xalan/serializer/2.7.2/serializer-2.7.2.jar:/Users/thinh.tranquoc/.m2/repository/xalan/xalan/2.7.2/xalan-2.7.2.jar:/Users/thinh.tranquoc/.m2/repository/xerces/xercesImpl/2.11.0/xercesImpl-2.11.0.jar:/Users/thinh.tranquoc/.m2/repository/xml-apis/xml-apis/1.4.01/xml-apis-1.4.01.jar:/Users/thinh.tranquoc/.m2/repository/org/yaml/snakeyaml/1.19/snakeyaml-1.19.jar:/Users/thinh.tranquoc/.m2/repository/org/apache/maven/surefire/surefire-testng/3.0.0-M5/surefire-testng-3.0.0-M5.jar:/Users/thinh.tranquoc/.m2/repository/org/apache/maven/surefire/common-java5/3.0.0-M5/common-java5-3.0.0-M5.jar:/Users/thinh.tranquoc/.m2/repository/org/apache/maven/surefire/surefire-shared-utils/3.0.0-M4/surefire-shared-utils-3.0.0-M4.jar:/Users/thinh.tranquoc/.m2/repository/org/apache/maven/surefire/surefire-testng-utils/3.0.0-M5/surefire-testng-utils-3.0.0-M5.jar:/Users/thinh.tranquoc/.m2/repository/org/apache/maven/surefire/surefire-grouper/3.0.0-M5/surefire-grouper-3.0.0-M5.jar:/Users/thinh.tranquoc/.m2/repository/org/apache/maven/surefire/surefire-api/3.0.0-M5/surefire-api-3.0.0-M5.jar:/Users/thinh.tranquoc/.m2/repository/org/apache/maven/surefire/surefire-logger-api/3.0.0-M5/surefire-logger-api-3.0.0-M5.jar:/Users/thinh.tranquoc/.m2/repository/io/cucumber/cucumber-java/4.4.0/cucumber-java-4.4.0.jar:/Users/thinh.tranquoc/.m2/repository/io/cucumber/cucumber-core/4.4.0/cucumber-core-4.4.0.jar:/Users/thinh.tranquoc/.m2/repository/io/cucumber/gherkin/5.1.0/gherkin-5.1.0.jar:/Users/thinh.tranquoc/.m2/repository/io/cucumber/tag-expressions/1.1.1/tag-expressions-1.1.1.jar:/Users/thinh.tranquoc/.m2/repository/io/cucumber/cucumber-expressions/7.0.2/cucumber-expressions-7.0.2.jar:/Users/thinh.tranquoc/.m2/repository/io/cucumber/datatable/1.1.14/datatable-1.1.14.jar:/Users/thinh.tranquoc/.m2/repository/io/cucumber/datatable-dependencies/1.1.14/datatable-dependencies-1.1.14.jar:/Users/thinh.tranquoc/.m2/repository/io/cucumber/cucumber-testng/4.4.0/cucumber-testng-4.4.0.jar:/Users/thinh.tranquoc/.m2/repository/net/masterthought/cucumber-reporting/5.3.1/cucumber-reporting-5.3.1.jar:/Users/thinh.tranquoc/.m2/repository/com/fasterxml/jackson/core/jackson-databind/2.10.1/jackson-databind-2.10.1.jar:/Users/thinh.tranquoc/.m2/repository/com/fasterxml/jackson/core/jackson-annotations/2.10.1/jackson-annotations-2.10.1.jar:/Users/thinh.tranquoc/.m2/repository/com/fasterxml/jackson/core/jackson-core/2.10.1/jackson-core-2.10.1.jar:/Users/thinh.tranquoc/.m2/repository/com/fasterxml/jackson/datatype/jackson-datatype-jsr310/2.10.1/jackson-datatype-jsr310-2.10.1.jar:/Users/thinh.tranquoc/.m2/repository/org/apache/velocity/velocity-engine-core/2.1/velocity-engine-core-2.1.jar:/Users/thinh.tranquoc/.m2/repository/org/slf4j/slf4j-api/1.7.26/slf4j-api-1.7.26.jar:/Users/thinh.tranquoc/.m2/repository/commons-collections/commons-collections/3.2.2/commons-collections-3.2.2.jar:/Users/thinh.tranquoc/.m2/repository/joda-time/joda-time/2.10.5/joda-time-2.10.5.jar:/Users/thinh.tranquoc/.m2/repository/org/codehaus/plexus/plexus-utils/3.3.0/plexus-utils-3.3.0.jar:/Users/thinh.tranquoc/.m2/repository/org/jsoup/jsoup/1.12.1/jsoup-1.12.1.jar:/Users/thinh.tranquoc/.m2/repository/com/googlecode/owasp-java-html-sanitizer/owasp-java-html-sanitizer/20191001.1/owasp-java-html-sanitizer-20191001.1.jar:/Users/thinh.tranquoc/.m2/repository/commons-configuration/commons-configuration/1.10/commons-configuration-1.10.jar:/Users/thinh.tranquoc/.m2/repository/commons-lang/commons-lang/2.6/commons-lang-2.6.jar:"/>
    <property name="sun.cpu.endian" value="little"/>
    <property name="user.home" value="/Users/thinh.tranquoc"/>
    <property name="user.language" value="en"/>
    <property name="testng.selenium.endpoint" value=""/>
    <property name="java.specification.vendor" value="Oracle Corporation"/>
    <property name="java.version.date" value="2019-07-16"/>
    <property name="java.home" value="/Library/Java/JavaVirtualMachines/jdk-11.0.4.jdk/Contents/Home"/>
    <property name="file.separator" value="/"/>
    <property name="basedir" value="/Users/thinh.tranquoc/works/test/demo"/>
    <property name="java.vm.compressedOopsMode" value="Zero based"/>
    <property name="line.separator" value="&#10;"/>
    <property name="java.specification.name" value="Java Platform API Specification"/>
    <property name="java.vm.specification.vendor" value="Oracle Corporation"/>
    <property name="java.awt.graphicsenv" value="sun.awt.CGraphicsEnvironment"/>
    <property name="surefire.real.class.path" value="/Users/thinh.tranquoc/works/test/demo/target/surefire/surefirebooter9479054201327166419.jar"/>
    <property name="sun.management.compiler" value="HotSpot 64-Bit Tiered Compilers"/>
    <property name="ftp.nonProxyHosts" value="local|*.local|169.254/16|*.169.254/16"/>
    <property name="java.runtime.version" value="11.0.4+10-LTS"/>
    <property name="user.name" value="thinh.tranquoc"/>
    <property name="path.separator" value=":"/>
    <property name="os.version" value="10.15.5"/>
    <property name="java.runtime.name" value="Java(TM) SE Runtime Environment"/>
    <property name="file.encoding" value="UTF-8"/>
    <property name="java.vm.name" value="Java HotSpot(TM) 64-Bit Server VM"/>
    <property name="java.vendor.version" value="18.9"/>
    <property name="localRepository" value="/Users/thinh.tranquoc/.m2/repository"/>
    <property name="java.vendor.url.bug" value="http://bugreport.java.com/bugreport/"/>
    <property name="java.io.tmpdir" value="/var/folders/0g/c9bjcm191y97jmkjjb74pfb80000gn/T/"/>
    <property name="java.version" value="11.0.4"/>
    <property name="user.dir" value="/Users/thinh.tranquoc/works/test/demo"/>
    <property name="os.arch" value="x86_64"/>
    <property name="java.vm.specification.name" value="Java Virtual Machine Specification"/>
    <property name="java.awt.printerjob" value="sun.lwawt.macosx.CPrinterJob"/>
    <property name="sun.os.patch.level" value="unknown"/>
    <property name="java.library.path" value="/Users/thinh.tranquoc/Library/Java/Extensions:/Library/Java/Extensions:/Network/Library/Java/Extensions:/System/Library/Java/Extensions:/usr/lib/java:."/>
    <property name="java.vendor" value="Oracle Corporation"/>
    <property name="java.vm.info" value="mixed mode"/>
    <property name="java.vm.version" value="11.0.4+10-LTS"/>
    <property name="sun.io.unicode.encoding" value="UnicodeBig"/>
    <property name="java.class.version" value="55.0"/>
    <property name="socksNonProxyHosts" value="local|*.local|169.254/16|*.169.254/16"/>
  </properties>
  <testcase name="runScenario[&quot;Login seller center&quot;, &quot;Login&quot;](1)" classname="runner.CucumberRunner" time="0">
    <skipped message="There are undefined steps"/>
    <system-err><![CDATA[Aug 24, 2020 12:30:40 AM cucumber.runtime.java.ObjectFactoryLoader loadSingleObjectFactory
WARNING: Use deprecated reflections to load ObjectFactory.
]]></system-err>
  </testcase>
</testsuite>