<?xml version="1.0" encoding="UTF-8"?>
<!-- Generated by org.testng.reporters.JUnitReportReporter -->
<testsuite hostname="MacBook-Pro-cua-LAP00837.local" failures="0" tests="1" name="TC.LoginTest" time="11.986" errors="0" timestamp="19 Aug 2020 11:25:12 GMT" skipped="0">
  <testcase classname="TC.LoginTest" name="TestLogin" time="11.986"/>
</testsuite> <!-- TC.LoginTest -->
