<?xml version="1.0" encoding="UTF-8"?>
<!-- Generated by org.testng.reporters.JUnitReportReporter -->
<testsuite hostname="MacBook-Pro-cua-LAP00837.local" failures="0" tests="1" name="TC.LoginTest" time="10.974" errors="0" timestamp="20 Aug 2020 05:45:21 GMT" skipped="0">
  <testcase classname="TC.LoginTest" name="TestLogin" time="10.974"/>
</testsuite> <!-- TC.LoginTest -->
