<?xml version="1.0" encoding="UTF-8"?>
<!-- Generated by org.testng.reporters.JUnitReportReporter -->
<testsuite hostname="LAP00707s-MacBook-Pro.local" failures="0" tests="1" name="runner.CucumberRunner" time="0.150" errors="0" timestamp="23 Aug 2020 17:30:40 GMT" skipped="1">
  <testcase classname="runner.CucumberRunner" name="runScenario" time="0.150">
    <skipped/>
  </testcase> <!-- runScenario -->
</testsuite> <!-- runner.CucumberRunner -->
